# JRE version: OpenJDK Runtime Environment Temurin-17.0.7+7 (17.0.7+7) (build 17.0.7+7)
# Java VM: OpenJDK 64-Bit Server VM Temurin-17.0.7+7 (17.0.7+7, mixed mode, emulated-client, tiered, compressed oops, compressed class ptrs, g1 gc, windows-amd64)
GC Precious Log:
 CPUs: 8 total, 8 available
 Memory: 6061M
 Large Page Support: Disabled
 NUMA Support: Disabled
 Compressed Oops: Enabled (32-bit)
 Heap Region Size: 1M
 Heap Min Capacity: 8M
 Heap Initial Capacity: 96M
 Heap Max Capacity: 1G
 Pre-touch: Disabled
 Parallel Workers: 8
 Concurrent Workers: 2
 Concurrent Refinement Workers: 8
 Periodic GC: Disabled
Heap:
 garbage-first heap   total 296960K, used 87817K [0x00000000c0000000, 0x0000000100000000)
  region size 1024K, 1 young (1024K), 0 survivors (0K)
 Metaspace       used 71112K, committed 71872K, reserved 1114112K
  class space    used 9738K, committed 10048K, reserved 1048576K
GC Heap History (20 events):
Event: 111284.313 GC heap before
{Heap before GC invocations=5904 (full 5835):
 garbage-first heap   total 296960K, used 87817K [0x00000000c0000000, 0x0000000100000000)
  region size 1024K, 1 young (1024K), 0 survivors (0K)
 Metaspace       used 71112K, committed 71872K, reserved 1114112K
  class space    used 9738K, committed 10048K, reserved 1048576K
}
Event: 111284.362 GC heap after
{Heap after GC invocations=5905 (full 5836):
 garbage-first heap   total 296960K, used 87817K [0x00000000c0000000, 0x0000000100000000)
  region size 1024K, 0 young (0K), 0 survivors (0K)
 Metaspace       used 71112K, committed 71872K, reserved 1114112K
  class space    used 9738K, committed 10048K, reserved 1048576K
}
Event: 111294.636 GC heap before
{Heap before GC invocations=5905 (full 5836):
 garbage-first heap   total 296960K, used 87817K [0x00000000c0000000, 0x0000000100000000)
  region size 1024K, 1 young (1024K), 0 survivors (0K)
 Metaspace       used 71112K, committed 71872K, reserved 1114112K
  class space    used 9738K, committed 10048K, reserved 1048576K
}
Event: 111294.709 GC heap after
{Heap after GC invocations=5906 (full 5837):
 garbage-first heap   total 296960K, used 87817K [0x00000000c0000000, 0x0000000100000000)
  region size 1024K, 0 young (0K), 0 survivors (0K)
 Metaspace       used 71112K, committed 71872K, reserved 1114112K
  class space    used 9738K, committed 10048K, reserved 1048576K
}
Event: 111304.980 GC heap before
{Heap before GC invocations=5906 (full 5837):
 garbage-first heap   total 296960K, used 87817K [0x00000000c0000000, 0x0000000100000000)
  region size 1024K, 1 young (1024K), 0 survivors (0K)
 Metaspace       used 71112K, committed 71872K, reserved 1114112K
  class space    used 9738K, committed 10048K, reserved 1048576K
}
Event: 111305.034 GC heap after
{Heap after GC invocations=5907 (full 5838):
 garbage-first heap   total 296960K, used 87817K [0x00000000c0000000, 0x0000000100000000)
  region size 1024K, 0 young (0K), 0 survivors (0K)
 Metaspace       used 71112K, committed 71872K, reserved 1114112K
  class space    used 9738K, committed 10048K, reserved 1048576K
}
Event: 111315.342 GC heap before
{Heap before GC invocations=5907 (full 5838):
 garbage-first heap   total 296960K, used 87817K [0x00000000c0000000, 0x0000000100000000)
  region size 1024K, 1 young (1024K), 0 survivors (0K)
 Metaspace       used 71112K, committed 71872K, reserved 1114112K
  class space    used 9738K, committed 10048K, reserved 1048576K
}
Event: 111315.410 GC heap after
{Heap after GC invocations=5908 (full 5839):
 garbage-first heap   total 296960K, used 87817K [0x00000000c0000000, 0x0000000100000000)
  region size 1024K, 0 young (0K), 0 survivors (0K)
 Metaspace       used 71112K, committed 71872K, reserved 1114112K
  class space    used 9738K, committed 10048K, reserved 1048576K
}
Event: 111325.711 GC heap before
{Heap before GC invocations=5908 (full 5839):
 garbage-first heap   total 296960K, used 87817K [0x00000000c0000000, 0x0000000100000000)
  region size 1024K, 1 young (1024K), 0 survivors (0K)
 Metaspace       used 71112K, committed 71872K, reserved 1114112K
  class space    used 9738K, committed 10048K, reserved 1048576K
}
Event: 111325.765 GC heap after
{Heap after GC invocations=5909 (full 5840):
 garbage-first heap   total 296960K, used 87817K [0x00000000c0000000, 0x0000000100000000)
  region size 1024K, 0 young (0K), 0 survivors (0K)
 Metaspace       used 71112K, committed 71872K, reserved 1114112K
  class space    used 9738K, committed 10048K, reserved 1048576K
}
Event: 111336.002 GC heap before
{Heap before GC invocations=5909 (full 5840):
 garbage-first heap   total 296960K, used 87817K [0x00000000c0000000, 0x0000000100000000)
  region size 1024K, 1 young (1024K), 0 survivors (0K)
 Metaspace       used 71112K, committed 71872K, reserved 1114112K
  class space    used 9738K, committed 10048K, reserved 1048576K
}
Event: 111336.057 GC heap after
{Heap after GC invocations=5910 (full 5841):
 garbage-first heap   total 296960K, used 87817K [0x00000000c0000000, 0x0000000100000000)
  region size 1024K, 0 young (0K), 0 survivors (0K)
 Metaspace       used 71112K, committed 71872K, reserved 1114112K
  class space    used 9738K, committed 10048K, reserved 1048576K
}
Event: 111346.329 GC heap before
{Heap before GC invocations=5910 (full 5841):
 garbage-first heap   total 296960K, used 87817K [0x00000000c0000000, 0x0000000100000000)
  region size 1024K, 1 young (1024K), 0 survivors (0K)
 Metaspace       used 71112K, committed 71872K, reserved 1114112K
  class space    used 9738K, committed 10048K, reserved 1048576K
}
Event: 111346.386 GC heap after
{Heap after GC invocations=5911 (full 5842):
 garbage-first heap   total 296960K, used 87817K [0x00000000c0000000, 0x0000000100000000)
  region size 1024K, 0 young (0K), 0 survivors (0K)
 Metaspace       used 71112K, committed 71872K, reserved 1114112K
  class space    used 9738K, committed 10048K, reserved 1048576K
}
Event: 111356.711 GC heap before
{Heap before GC invocations=5911 (full 5842):
 garbage-first heap   total 296960K, used 87817K [0x00000000c0000000, 0x0000000100000000)
  region size 1024K, 1 young (1024K), 0 survivors (0K)
 Metaspace       used 71112K, committed 71872K, reserved 1114112K
  class space    used 9738K, committed 10048K, reserved 1048576K
}
Event: 111356.775 GC heap after
{Heap after GC invocations=5912 (full 5843):
 garbage-first heap   total 296960K, used 87817K [0x00000000c0000000, 0x0000000100000000)
  region size 1024K, 0 young (0K), 0 survivors (0K)
 Metaspace       used 71112K, committed 71872K, reserved 1114112K
  class space    used 9738K, committed 10048K, reserved 1048576K
}
Event: 111367.263 GC heap before
{Heap before GC invocations=5912 (full 5843):
 garbage-first heap   total 296960K, used 87817K [0x00000000c0000000, 0x0000000100000000)
  region size 1024K, 1 young (1024K), 0 survivors (0K)
 Metaspace       used 71112K, committed 71872K, reserved 1114112K
  class space    used 9738K, committed 10048K, reserved 1048576K
}
Event: 111367.330 GC heap after
{Heap after GC invocations=5913 (full 5844):
 garbage-first heap   total 296960K, used 87817K [0x00000000c0000000, 0x0000000100000000)
  region size 1024K, 0 young (0K), 0 survivors (0K)
 Metaspace       used 71112K, committed 71872K, reserved 1114112K
  class space    used 9738K, committed 10048K, reserved 1048576K
}
Event: 111378.373 GC heap before
{Heap before GC invocations=5913 (full 5844):
 garbage-first heap   total 296960K, used 87817K [0x00000000c0000000, 0x0000000100000000)
  region size 1024K, 1 young (1024K), 0 survivors (0K)
 Metaspace       used 71112K, committed 71872K, reserved 1114112K
  class space    used 9738K, committed 10048K, reserved 1048576K
}
Event: 111378.437 GC heap after
{Heap after GC invocations=5914 (full 5845):
 garbage-first heap   total 296960K, used 87817K [0x00000000c0000000, 0x0000000100000000)
  region size 1024K, 0 young (0K), 0 survivors (0K)
 Metaspace       used 71112K, committed 71872K, reserved 1114112K
  class space    used 9738K, committed 10048K, reserved 1048576K
}

